info: App its works. {"timestamp":"2025-11-10T20:42:52.279Z"}
info: App its works. {"timestamp":"2025-11-11T04:49:08.102Z"}
info: App its works. {"timestamp":"2025-11-11T04:50:40.544Z"}
info: App its works. {"timestamp":"2025-11-11T04:51:17.802Z"}
info: App its works. {"timestamp":"2025-11-11T04:52:48.295Z"}
info: App its works. {"timestamp":"2025-11-11T19:52:37.374Z"}
error: DiscordjsError [TokenInvalid]: An invalid token was provided.
    at WebSocketManager.connect (C:\Users\vCesar\Downloads\WHTEBEX\WH-Tebex-MicroService-2025\node_modules\.pnpm\discord.js@14.26.4\node_modules\discord.js\src\client\websocket\WebSocketManager.js:140:26)
    at Client.login (C:\Users\vCesar\Downloads\WHTEBEX\WH-Tebex-MicroService-2025\node_modules\.pnpm\discord.js@14.26.4\node_modules\discord.js\src\client\Client.js:229:21)
    at Object.<anonymous> (C:\Users\vCesar\Downloads\WHTEBEX\WH-Tebex-MicroService-2025\index.js:159:10)
    at Module._compile (node:internal/modules/cjs/loader:1521:14)
    at Module._extensions..js (node:internal/modules/cjs/loader:1623:10)
    at Module.load (node:internal/modules/cjs/loader:1266:32)
    at Module._load (node:internal/modules/cjs/loader:1091:12)
    at Function.executeUserEntryPoint [as runMain] (node:internal/modules/run_main:164:12)
    at node:internal/main/run_main_module:28:49 {"timestamp":"2026-05-16T01:55:35.167Z"}
error: DiscordjsError [TokenInvalid]: An invalid token was provided.
    at WebSocketManager.connect (C:\Users\vCesar\Downloads\WHTEBEX\WH-Tebex-MicroService-2025\node_modules\.pnpm\discord.js@14.26.4\node_modules\discord.js\src\client\websocket\WebSocketManager.js:140:26)
    at Client.login (C:\Users\vCesar\Downloads\WHTEBEX\WH-Tebex-MicroService-2025\node_modules\.pnpm\discord.js@14.26.4\node_modules\discord.js\src\client\Client.js:229:21)
    at Object.<anonymous> (C:\Users\vCesar\Downloads\WHTEBEX\WH-Tebex-MicroService-2025\index.js:159:10)
    at Module._compile (node:internal/modules/cjs/loader:1521:14)
    at Module._extensions..js (node:internal/modules/cjs/loader:1623:10)
    at Module.load (node:internal/modules/cjs/loader:1266:32)
    at Module._load (node:internal/modules/cjs/loader:1091:12)
    at Function.executeUserEntryPoint [as runMain] (node:internal/modules/run_main:164:12)
    at node:internal/main/run_main_module:28:49 {"timestamp":"2026-05-16T02:03:24.988Z"}
info: App is running. {"timestamp":"2026-05-16T02:05:10.389Z"}
info: Request received from: 127.0.0.1 {"timestamp":"2026-05-16T02:05:14.822Z"}
info: App is running. {"timestamp":"2026-05-16T02:05:39.756Z"}
info: Request received from: 127.0.0.1 {"timestamp":"2026-05-16T02:05:41.187Z"}
error: Error sending webhook embed: Error: Discord channel is not available
    at sendWH (C:\Users\vCesar\Downloads\WHTEBEX\WH-Tebex-MicroService-2025\functions\sendWH.js:41:13)
    at C:\Users\vCesar\Downloads\WHTEBEX\WH-Tebex-MicroService-2025\index.js:127:13
    at process.processTicksAndRejections (node:internal/process/task_queues:95:5) {"timestamp":"2026-05-16T02:05:41.362Z"}
info: App is running. {"timestamp":"2026-05-16T02:06:42.105Z"}
info: Request received from: 127.0.0.1 {"timestamp":"2026-05-16T02:06:46.735Z"}
error: Error sending webhook embed: Error: Discord channel is not available
    at sendWH (C:\Users\vCesar\Downloads\WHTEBEX\WH-Tebex-MicroService-2025\functions\sendWH.js:41:13)
    at C:\Users\vCesar\Downloads\WHTEBEX\WH-Tebex-MicroService-2025\index.js:127:13
    at process.processTicksAndRejections (node:internal/process/task_queues:95:5) {"timestamp":"2026-05-16T02:06:47.136Z"}
info: App is running. {"timestamp":"2026-05-16T02:07:01.607Z"}
info: Request received from: 127.0.0.1 {"timestamp":"2026-05-16T02:07:03.676Z"}
error: Error sending webhook embed: Error: Discord channel is not available
    at sendWH (C:\Users\vCesar\Downloads\WHTEBEX\WH-Tebex-MicroService-2025\functions\sendWH.js:41:13)
    at C:\Users\vCesar\Downloads\WHTEBEX\WH-Tebex-MicroService-2025\index.js:127:13
    at process.processTicksAndRejections (node:internal/process/task_queues:95:5) {"timestamp":"2026-05-16T02:07:03.838Z"}
info: Request received from: 127.0.0.1 {"timestamp":"2026-05-16T02:09:36.269Z"}
warn: Could not react to Discord message: Unknown Emoji {"timestamp":"2026-05-16T02:09:38.286Z"}
2026-05-16T02:26:27.962Z info debug mode enabled
2026-05-16T02:26:28.935Z info HTTP server listening on 25500
2026-05-16T02:26:38.618Z info requestId=53ce839d-77d5-4946-866d-8bf40c7cb522 POST /
2026-05-16T02:26:38.631Z info requestId=53ce839d-77d5-4946-866d-8bf40c7cb522 debug webhook passed to next middleware
2026-05-16T02:26:38.632Z info requestId=53ce839d-77d5-4946-866d-8bf40c7cb522 webhook source ip=127.0.0.1
2026-05-16T02:26:38.632Z info requestId=53ce839d-77d5-4946-866d-8bf40c7cb522 debug webhook ip=127.0.0.1
2026-05-16T02:26:38.633Z info requestId=53ce839d-77d5-4946-866d-8bf40c7cb522 webhook accepted ip=127.0.0.1
2026-05-16T02:26:38.635Z info requestId=53ce839d-77d5-4946-866d-8bf40c7cb522 Canal de ventas obtenido correctamente: 1441894456780390473
2026-05-16T02:26:40.597Z warn requestId=53ce839d-77d5-4946-866d-8bf40c7cb522 Could not react to Discord message: Unknown Emoji
2026-05-16T02:27:19.291Z info requestId=aa4edc47-3268-4f32-b254-415ae07ff5cb GET //healthz
2026-05-16T02:27:19.292Z info requestId=aa4edc47-3268-4f32-b254-415ae07ff5cb debug webhook passed to next middleware
2026-05-16T02:27:19.293Z info requestId=aa4edc47-3268-4f32-b254-415ae07ff5cb webhook source ip=::1
2026-05-16T02:27:19.293Z info requestId=aa4edc47-3268-4f32-b254-415ae07ff5cb debug webhook ip=::1
2026-05-16T02:27:19.294Z warn requestId=aa4edc47-3268-4f32-b254-415ae07ff5cb webhook rejected ip=::1
2026-05-16T02:27:19.431Z info requestId=fcb13d9c-96ac-49e2-bfe1-867b1797a05c GET /favicon.ico
2026-05-16T02:27:19.431Z info requestId=fcb13d9c-96ac-49e2-bfe1-867b1797a05c debug webhook passed to next middleware
2026-05-16T02:27:24.382Z info requestId=bd433576-befd-43b3-8820-3b34dc568ffc GET /healthz
2026-05-16T02:27:24.383Z info requestId=bd433576-befd-43b3-8820-3b34dc568ffc debug webhook passed to next middleware
2026-05-16T02:27:24.384Z info requestId=bd433576-befd-43b3-8820-3b34dc568ffc webhook source ip=::1
2026-05-16T02:27:24.384Z info requestId=bd433576-befd-43b3-8820-3b34dc568ffc debug webhook ip=::1
2026-05-16T02:27:24.384Z warn requestId=bd433576-befd-43b3-8820-3b34dc568ffc webhook rejected ip=::1
2026-05-16T02:27:24.421Z info requestId=28037e0d-d768-4f8e-9282-34a13da5a78b GET /favicon.ico
2026-05-16T02:27:24.422Z info requestId=28037e0d-d768-4f8e-9282-34a13da5a78b debug webhook passed to next middleware
2026-05-16T02:27:25.702Z info requestId=71a39aeb-81b3-4c10-8410-cfd7e21e0e96 GET /healthz
2026-05-16T02:27:25.703Z info requestId=71a39aeb-81b3-4c10-8410-cfd7e21e0e96 debug webhook passed to next middleware
2026-05-16T02:27:25.703Z info requestId=71a39aeb-81b3-4c10-8410-cfd7e21e0e96 webhook source ip=::1
2026-05-16T02:27:25.703Z info requestId=71a39aeb-81b3-4c10-8410-cfd7e21e0e96 debug webhook ip=::1
2026-05-16T02:27:25.704Z warn requestId=71a39aeb-81b3-4c10-8410-cfd7e21e0e96 webhook rejected ip=::1
2026-05-16T02:27:25.736Z info requestId=9852ceb5-f9b4-49bf-b678-f4987b94ebde GET /favicon.ico
2026-05-16T02:27:25.736Z info requestId=9852ceb5-f9b4-49bf-b678-f4987b94ebde debug webhook passed to next middleware
2026-05-16T02:27:26.156Z info requestId=06e639eb-07c3-464e-a7e6-8dd1572d7682 GET /healthz
2026-05-16T02:27:26.156Z info requestId=06e639eb-07c3-464e-a7e6-8dd1572d7682 debug webhook passed to next middleware
2026-05-16T02:27:26.157Z info requestId=06e639eb-07c3-464e-a7e6-8dd1572d7682 webhook source ip=::1
2026-05-16T02:27:26.157Z info requestId=06e639eb-07c3-464e-a7e6-8dd1572d7682 debug webhook ip=::1
2026-05-16T02:27:26.157Z warn requestId=06e639eb-07c3-464e-a7e6-8dd1572d7682 webhook rejected ip=::1
2026-05-16T02:27:26.187Z info requestId=e732fda6-6ca8-44f9-961e-d2c8956036d7 GET /favicon.ico
2026-05-16T02:27:26.187Z info requestId=e732fda6-6ca8-44f9-961e-d2c8956036d7 debug webhook passed to next middleware
2026-05-16T02:27:26.423Z info requestId=4dc9ea89-4819-446d-86cf-28b25ac9348c GET /healthz
2026-05-16T02:27:26.423Z info requestId=4dc9ea89-4819-446d-86cf-28b25ac9348c debug webhook passed to next middleware
2026-05-16T02:27:26.424Z info requestId=4dc9ea89-4819-446d-86cf-28b25ac9348c webhook source ip=::1
2026-05-16T02:27:26.424Z info requestId=4dc9ea89-4819-446d-86cf-28b25ac9348c debug webhook ip=::1
2026-05-16T02:27:26.424Z warn requestId=4dc9ea89-4819-446d-86cf-28b25ac9348c webhook rejected ip=::1
2026-05-16T02:27:26.453Z info requestId=0fc6b8c3-1b6d-4e42-9b4d-f09c7df22703 GET /favicon.ico
2026-05-16T02:27:26.453Z info requestId=0fc6b8c3-1b6d-4e42-9b4d-f09c7df22703 debug webhook passed to next middleware
2026-05-16T02:27:26.648Z info requestId=cdba897f-00d8-47eb-ab08-82f3cb7d7fa2 GET /healthz
2026-05-16T02:27:26.649Z info requestId=cdba897f-00d8-47eb-ab08-82f3cb7d7fa2 debug webhook passed to next middleware
2026-05-16T02:27:26.650Z info requestId=cdba897f-00d8-47eb-ab08-82f3cb7d7fa2 webhook source ip=::1
2026-05-16T02:27:26.650Z info requestId=cdba897f-00d8-47eb-ab08-82f3cb7d7fa2 debug webhook ip=::1
2026-05-16T02:27:26.650Z warn requestId=cdba897f-00d8-47eb-ab08-82f3cb7d7fa2 webhook rejected ip=::1
2026-05-16T02:27:26.682Z info requestId=7cdec377-68d9-4990-94f9-37921e8d6160 GET /favicon.ico
2026-05-16T02:27:26.683Z info requestId=7cdec377-68d9-4990-94f9-37921e8d6160 debug webhook passed to next middleware
2026-05-16T02:27:27.537Z info requestId=0db9cf92-6874-4f6f-9289-5fed7859001a GET /healthz
2026-05-16T02:27:27.538Z info requestId=0db9cf92-6874-4f6f-9289-5fed7859001a debug webhook passed to next middleware
2026-05-16T02:27:27.538Z info requestId=0db9cf92-6874-4f6f-9289-5fed7859001a webhook source ip=::1
2026-05-16T02:27:27.539Z info requestId=0db9cf92-6874-4f6f-9289-5fed7859001a debug webhook ip=::1
2026-05-16T02:27:27.539Z warn requestId=0db9cf92-6874-4f6f-9289-5fed7859001a webhook rejected ip=::1
2026-05-16T02:27:27.572Z info requestId=7456c94f-bad4-4356-bc85-5f44f1601728 GET /favicon.ico
2026-05-16T02:27:27.572Z info requestId=7456c94f-bad4-4356-bc85-5f44f1601728 debug webhook passed to next middleware
2026-05-16T02:27:27.732Z info requestId=8d2bc851-bf4c-4a9a-889d-15aec129de35 GET /healthz
2026-05-16T02:27:27.733Z info requestId=8d2bc851-bf4c-4a9a-889d-15aec129de35 debug webhook passed to next middleware
2026-05-16T02:27:27.733Z info requestId=8d2bc851-bf4c-4a9a-889d-15aec129de35 webhook source ip=::1
2026-05-16T02:27:27.733Z info requestId=8d2bc851-bf4c-4a9a-889d-15aec129de35 debug webhook ip=::1
2026-05-16T02:27:27.734Z warn requestId=8d2bc851-bf4c-4a9a-889d-15aec129de35 webhook rejected ip=::1
2026-05-16T02:27:27.768Z info requestId=c4f82aff-4e11-46a5-bdb8-a3fd819adaba GET /favicon.ico
2026-05-16T02:27:27.769Z info requestId=c4f82aff-4e11-46a5-bdb8-a3fd819adaba debug webhook passed to next middleware
2026-05-16T02:27:27.929Z info requestId=ed41968f-296f-4663-8290-19a38b08f4d5 GET /healthz
2026-05-16T02:27:27.930Z info requestId=ed41968f-296f-4663-8290-19a38b08f4d5 debug webhook passed to next middleware
2026-05-16T02:27:27.930Z info requestId=ed41968f-296f-4663-8290-19a38b08f4d5 webhook source ip=::1
2026-05-16T02:27:27.931Z info requestId=ed41968f-296f-4663-8290-19a38b08f4d5 debug webhook ip=::1
2026-05-16T02:27:27.931Z warn requestId=ed41968f-296f-4663-8290-19a38b08f4d5 webhook rejected ip=::1
2026-05-16T02:27:27.958Z info requestId=cf74fefa-637f-4fde-8d5c-704bab6ba91c GET /favicon.ico
2026-05-16T02:27:27.959Z info requestId=cf74fefa-637f-4fde-8d5c-704bab6ba91c debug webhook passed to next middleware
2026-05-16T02:27:28.098Z info requestId=440c3185-cf55-4142-bca3-30bb7d797140 GET /healthz
2026-05-16T02:27:28.099Z info requestId=440c3185-cf55-4142-bca3-30bb7d797140 debug webhook passed to next middleware
2026-05-16T02:27:28.099Z info requestId=440c3185-cf55-4142-bca3-30bb7d797140 webhook source ip=::1
2026-05-16T02:27:28.100Z info requestId=440c3185-cf55-4142-bca3-30bb7d797140 debug webhook ip=::1
2026-05-16T02:27:28.100Z warn requestId=440c3185-cf55-4142-bca3-30bb7d797140 webhook rejected ip=::1
2026-05-16T02:27:28.134Z info requestId=aa7849f5-9cec-4921-a4c5-3154f24f9a5d GET /favicon.ico
2026-05-16T02:27:28.134Z info requestId=aa7849f5-9cec-4921-a4c5-3154f24f9a5d debug webhook passed to next middleware
2026-05-16T02:27:28.280Z info requestId=375a0f80-1644-42b3-bf5e-f2f737b1599a GET /healthz
2026-05-16T02:27:28.280Z info requestId=375a0f80-1644-42b3-bf5e-f2f737b1599a debug webhook passed to next middleware
2026-05-16T02:27:28.281Z info requestId=375a0f80-1644-42b3-bf5e-f2f737b1599a webhook source ip=::1
2026-05-16T02:27:28.281Z info requestId=375a0f80-1644-42b3-bf5e-f2f737b1599a debug webhook ip=::1
2026-05-16T02:27:28.281Z warn requestId=375a0f80-1644-42b3-bf5e-f2f737b1599a webhook rejected ip=::1
2026-05-16T02:27:28.309Z info requestId=8e4945bb-45fa-4128-8708-03ee5d1c3de8 GET /favicon.ico
2026-05-16T02:27:28.309Z info requestId=8e4945bb-45fa-4128-8708-03ee5d1c3de8 debug webhook passed to next middleware
2026-05-16T02:27:28.456Z info requestId=983a45b5-1f4d-4423-8fca-2b5bb2470e3a GET /healthz
2026-05-16T02:27:28.456Z info requestId=983a45b5-1f4d-4423-8fca-2b5bb2470e3a debug webhook passed to next middleware
2026-05-16T02:27:28.457Z info requestId=983a45b5-1f4d-4423-8fca-2b5bb2470e3a webhook source ip=::1
2026-05-16T02:27:28.457Z info requestId=983a45b5-1f4d-4423-8fca-2b5bb2470e3a debug webhook ip=::1
2026-05-16T02:27:28.457Z warn requestId=983a45b5-1f4d-4423-8fca-2b5bb2470e3a webhook rejected ip=::1
2026-05-16T02:27:28.487Z info requestId=179eacda-72b8-4b98-8978-dcc2f94ed751 GET /favicon.ico
2026-05-16T02:27:28.488Z info requestId=179eacda-72b8-4b98-8978-dcc2f94ed751 debug webhook passed to next middleware
2026-05-16T02:27:28.654Z info requestId=60490eff-d368-4446-b747-abb9011cc42e GET /healthz
2026-05-16T02:27:28.655Z info requestId=60490eff-d368-4446-b747-abb9011cc42e debug webhook passed to next middleware
2026-05-16T02:27:28.656Z info requestId=60490eff-d368-4446-b747-abb9011cc42e webhook source ip=::1
2026-05-16T02:27:28.656Z info requestId=60490eff-d368-4446-b747-abb9011cc42e debug webhook ip=::1
2026-05-16T02:27:28.656Z warn requestId=60490eff-d368-4446-b747-abb9011cc42e webhook rejected ip=::1
2026-05-16T02:27:28.683Z info requestId=ab653625-ea32-4962-9740-87403a2511eb GET /favicon.ico
2026-05-16T02:27:28.684Z info requestId=ab653625-ea32-4962-9740-87403a2511eb debug webhook passed to next middleware
2026-05-16T02:27:28.840Z info requestId=744a2976-2c5c-442b-acf9-de909488668f GET /healthz
2026-05-16T02:27:28.841Z info requestId=744a2976-2c5c-442b-acf9-de909488668f debug webhook passed to next middleware
2026-05-16T02:27:28.841Z info requestId=744a2976-2c5c-442b-acf9-de909488668f webhook source ip=::1
2026-05-16T02:27:28.841Z info requestId=744a2976-2c5c-442b-acf9-de909488668f debug webhook ip=::1
2026-05-16T02:27:28.841Z warn requestId=744a2976-2c5c-442b-acf9-de909488668f webhook rejected ip=::1
2026-05-16T02:27:28.869Z info requestId=08529351-9a49-447c-b5e4-e47a8eef35d6 GET /favicon.ico
2026-05-16T02:27:28.869Z info requestId=08529351-9a49-447c-b5e4-e47a8eef35d6 debug webhook passed to next middleware
2026-05-16T02:27:29.043Z info requestId=371d141e-3e43-4370-b4fc-a438887f787d GET /healthz
2026-05-16T02:27:29.044Z info requestId=371d141e-3e43-4370-b4fc-a438887f787d debug webhook passed to next middleware
2026-05-16T02:27:29.044Z info requestId=371d141e-3e43-4370-b4fc-a438887f787d webhook source ip=::1
2026-05-16T02:27:29.044Z info requestId=371d141e-3e43-4370-b4fc-a438887f787d debug webhook ip=::1
2026-05-16T02:27:29.044Z warn requestId=371d141e-3e43-4370-b4fc-a438887f787d webhook rejected ip=::1
2026-05-16T02:27:29.072Z info requestId=b3b9514b-8714-4fb1-8300-fb4a497ef507 GET /favicon.ico
2026-05-16T02:27:29.072Z info requestId=b3b9514b-8714-4fb1-8300-fb4a497ef507 debug webhook passed to next middleware
2026-05-16T02:27:41.545Z info requestId=d8a25668-ae2f-4c5e-8579-237b40e24b24 GET /metrics
2026-05-16T02:27:41.545Z info requestId=d8a25668-ae2f-4c5e-8579-237b40e24b24 debug webhook passed to next middleware
2026-05-16T02:27:41.546Z info requestId=d8a25668-ae2f-4c5e-8579-237b40e24b24 webhook source ip=::1
2026-05-16T02:27:41.546Z info requestId=d8a25668-ae2f-4c5e-8579-237b40e24b24 debug webhook ip=::1
2026-05-16T02:27:41.546Z warn requestId=d8a25668-ae2f-4c5e-8579-237b40e24b24 webhook rejected ip=::1
2026-05-16T02:27:41.580Z info requestId=af51c051-767b-4308-b0b4-aae7551a97ee GET /favicon.ico
2026-05-16T02:27:41.581Z info requestId=af51c051-767b-4308-b0b4-aae7551a97ee debug webhook passed to next middleware
2026-05-16T02:27:43.490Z info requestId=73f6aded-afb6-4a64-b9ba-156f7f83bcb1 GET /metrics
2026-05-16T02:27:43.491Z info requestId=73f6aded-afb6-4a64-b9ba-156f7f83bcb1 debug webhook passed to next middleware
2026-05-16T02:27:43.492Z info requestId=73f6aded-afb6-4a64-b9ba-156f7f83bcb1 webhook source ip=::1
2026-05-16T02:27:43.492Z info requestId=73f6aded-afb6-4a64-b9ba-156f7f83bcb1 debug webhook ip=::1
2026-05-16T02:27:43.492Z warn requestId=73f6aded-afb6-4a64-b9ba-156f7f83bcb1 webhook rejected ip=::1
2026-05-16T02:27:43.525Z info requestId=0f6bd732-77dd-4583-b9d8-647f74c514b1 GET /favicon.ico
2026-05-16T02:27:43.526Z info requestId=0f6bd732-77dd-4583-b9d8-647f74c514b1 debug webhook passed to next middleware
2026-05-16T02:27:43.989Z info requestId=c735e445-d758-4b12-9b5e-b2ed454e3605 GET /metrics
2026-05-16T02:27:43.990Z info requestId=c735e445-d758-4b12-9b5e-b2ed454e3605 debug webhook passed to next middleware
2026-05-16T02:27:43.991Z info requestId=c735e445-d758-4b12-9b5e-b2ed454e3605 webhook source ip=::1
2026-05-16T02:27:43.991Z info requestId=c735e445-d758-4b12-9b5e-b2ed454e3605 debug webhook ip=::1
2026-05-16T02:27:43.992Z warn requestId=c735e445-d758-4b12-9b5e-b2ed454e3605 webhook rejected ip=::1
2026-05-16T02:27:44.022Z info requestId=28e216a9-d84c-4b63-8060-f658c948e31f GET /favicon.ico
2026-05-16T02:27:44.023Z info requestId=28e216a9-d84c-4b63-8060-f658c948e31f debug webhook passed to next middleware
2026-05-16T02:27:44.221Z info requestId=ec5efbf3-d758-492c-8236-ca1b4880902e GET /metrics
2026-05-16T02:27:44.222Z info requestId=ec5efbf3-d758-492c-8236-ca1b4880902e debug webhook passed to next middleware
2026-05-16T02:27:44.222Z info requestId=ec5efbf3-d758-492c-8236-ca1b4880902e webhook source ip=::1
2026-05-16T02:27:44.222Z info requestId=ec5efbf3-d758-492c-8236-ca1b4880902e debug webhook ip=::1
2026-05-16T02:27:44.223Z warn requestId=ec5efbf3-d758-492c-8236-ca1b4880902e webhook rejected ip=::1
2026-05-16T02:27:44.251Z info requestId=a434da36-2fdf-4744-9df5-5df7811da41e GET /favicon.ico
2026-05-16T02:27:44.252Z info requestId=a434da36-2fdf-4744-9df5-5df7811da41e debug webhook passed to next middleware
2026-05-16T02:27:44.442Z info requestId=4d435032-def2-4e5d-9ec0-23fa14425942 GET /metrics
2026-05-16T02:27:44.443Z info requestId=4d435032-def2-4e5d-9ec0-23fa14425942 debug webhook passed to next middleware
2026-05-16T02:27:44.444Z info requestId=4d435032-def2-4e5d-9ec0-23fa14425942 webhook source ip=::1
2026-05-16T02:27:44.444Z info requestId=4d435032-def2-4e5d-9ec0-23fa14425942 debug webhook ip=::1
2026-05-16T02:27:44.444Z warn requestId=4d435032-def2-4e5d-9ec0-23fa14425942 webhook rejected ip=::1
2026-05-16T02:27:44.474Z info requestId=037e1b85-d9ec-4c9d-819c-b6c3d6623364 GET /favicon.ico
2026-05-16T02:27:44.474Z info requestId=037e1b85-d9ec-4c9d-819c-b6c3d6623364 debug webhook passed to next middleware
2026-05-16T02:28:14.569Z info debug mode enabled
2026-05-16T02:28:16.723Z info HTTP server listening on 25500
2026-05-16T02:28:18.628Z info requestId=7447f4b5-78e2-4a4e-97ae-02453d3fddd2 GET /metrics
2026-05-16T02:28:18.629Z info requestId=7447f4b5-78e2-4a4e-97ae-02453d3fddd2 debug webhook passed to next middleware
2026-05-16T02:28:18.630Z info requestId=7447f4b5-78e2-4a4e-97ae-02453d3fddd2 webhook source ip=::1
2026-05-16T02:28:18.631Z info requestId=7447f4b5-78e2-4a4e-97ae-02453d3fddd2 debug webhook ip=::1
2026-05-16T02:28:18.631Z warn requestId=7447f4b5-78e2-4a4e-97ae-02453d3fddd2 webhook rejected ip=::1
2026-05-16T02:28:18.669Z info requestId=515bdace-8c98-43dd-a799-183ed2bd9356 GET /favicon.ico
2026-05-16T02:28:18.670Z info requestId=515bdace-8c98-43dd-a799-183ed2bd9356 debug webhook passed to next middleware
2026-05-16T02:28:19.149Z info requestId=528d6791-7f49-4fd1-a679-0136dae0c66d GET /metrics
2026-05-16T02:28:19.150Z info requestId=528d6791-7f49-4fd1-a679-0136dae0c66d debug webhook passed to next middleware
2026-05-16T02:28:19.151Z info requestId=528d6791-7f49-4fd1-a679-0136dae0c66d webhook source ip=::1
2026-05-16T02:28:19.151Z info requestId=528d6791-7f49-4fd1-a679-0136dae0c66d debug webhook ip=::1
2026-05-16T02:28:19.152Z warn requestId=528d6791-7f49-4fd1-a679-0136dae0c66d webhook rejected ip=::1
2026-05-16T02:28:19.183Z info requestId=ac9b98be-9fc7-46e2-b515-0b6d05a0dac5 GET /favicon.ico
2026-05-16T02:28:19.184Z info requestId=ac9b98be-9fc7-46e2-b515-0b6d05a0dac5 debug webhook passed to next middleware
2026-05-16T02:28:19.385Z info requestId=92b9f9a2-c099-4fdb-bd94-1a1d1943725c GET /metrics
2026-05-16T02:28:19.385Z info requestId=92b9f9a2-c099-4fdb-bd94-1a1d1943725c debug webhook passed to next middleware
2026-05-16T02:28:19.386Z info requestId=92b9f9a2-c099-4fdb-bd94-1a1d1943725c webhook source ip=::1
2026-05-16T02:28:19.386Z info requestId=92b9f9a2-c099-4fdb-bd94-1a1d1943725c debug webhook ip=::1
2026-05-16T02:28:19.386Z warn requestId=92b9f9a2-c099-4fdb-bd94-1a1d1943725c webhook rejected ip=::1
2026-05-16T02:28:19.418Z info requestId=4ff98653-c731-4e9e-98bd-a47cb28f41a8 GET /favicon.ico
2026-05-16T02:28:19.419Z info requestId=4ff98653-c731-4e9e-98bd-a47cb28f41a8 debug webhook passed to next middleware
